<?xml version="1.0" encoding="UTF-8"?>
<!-- Generated by org.testng.reporters.JUnitReportReporter -->
<testsuite hostname="DESKTOP-KPMAOS8" failures="0" tests="2" name="testng.BeforeAfter" time="1.610" errors="0" timestamp="2023-07-25T17:59:45 IST" skipped="0">
  <testcase classname="testng.BeforeAfter" name="Search" time="0.059"/>
  <testcase classname="testng.BeforeAfter" name="Login" time="1.551"/>
</testsuite> <!-- testng.BeforeAfter -->
