<?xml version="1.0" encoding="UTF-8"?>
<!-- Generated by org.testng.reporters.JUnitReportReporter -->
<testsuite hostname="DESKTOP-KPMAOS8" failures="0" tests="4" name="testng.AnnotationPriority" time="8.043" errors="0" timestamp="2023-08-17T11:22:30 IST" skipped="0">
  <testcase classname="testng.AnnotationPriority" name="openApp" time="5.318"/>
  <testcase classname="testng.AnnotationPriority" name="Login" time="2.589"/>
  <testcase classname="testng.AnnotationPriority" name="Search" time="0.001"/>
  <testcase classname="testng.AnnotationPriority" name="Closeapp" time="0.135"/>
</testsuite> <!-- testng.AnnotationPriority -->
